2024-12-30 03:35:06 - INFO - Robot system starting...
2024-12-30 03:35:25 - INFO - Switched to automatic mode.
2024-12-30 03:39:42 - INFO - Shutting down robot system...
2024-12-30 03:39:42 - INFO - Robot system stopped.
2024-12-30 03:39:48 - INFO - Robot system starting...
2024-12-30 03:39:53 - INFO - Switched to automatic mode.
2024-12-30 03:42:44 - INFO - Shutting down robot system...
2024-12-30 03:42:44 - INFO - Robot system stopped.
2024-12-30 03:43:37 - INFO - Robot system starting...
2024-12-30 03:43:44 - INFO - Switched to automatic mode.
2024-12-30 03:44:25 - INFO - Shutting down robot system...
2024-12-30 03:44:25 - INFO - Robot system stopped.
2024-12-30 03:44:56 - INFO - Robot system starting...
2024-12-30 03:45:03 - INFO - Switched to automatic mode.
2024-12-30 03:46:01 - INFO - Shutting down robot system...
2024-12-30 03:46:01 - INFO - Robot system stopped.
2024-12-30 03:46:11 - INFO - Robot system starting...
2024-12-30 03:46:16 - INFO - Switched to automatic mode.
2024-12-30 03:47:11 - INFO - Shutting down robot system...
2024-12-30 03:47:11 - INFO - Robot system stopped.
2024-12-30 03:48:39 - INFO - Robot system starting...
2024-12-30 03:48:46 - INFO - Switched to automatic mode.
2024-12-30 03:49:56 - INFO - Shutting down robot system...
2024-12-30 03:49:56 - INFO - Robot system stopped.
2024-12-30 03:50:13 - INFO - Robot system starting...
2024-12-30 03:50:18 - INFO - Switched to automatic mode.
2024-12-30 03:50:36 - INFO - Shutting down robot system...
2024-12-30 03:50:36 - INFO - Robot system stopped.
2024-12-30 03:52:02 - INFO - Robot system starting...
2024-12-30 03:52:08 - INFO - Switched to automatic mode.
2024-12-30 03:53:32 - INFO - Shutting down robot system...
2024-12-30 03:53:32 - INFO - Robot system stopped.
2024-12-30 03:53:43 - INFO - Robot system starting...
2024-12-30 03:53:49 - INFO - Switched to automatic mode.
2024-12-30 03:54:10 - INFO - Shutting down robot system...
2024-12-30 03:54:10 - INFO - Robot system stopped.
2024-12-30 03:54:25 - INFO - Robot system starting...
2024-12-30 03:54:29 - INFO - Switched to automatic mode.
2024-12-30 03:55:35 - INFO - Shutting down robot system...
2024-12-30 03:55:35 - INFO - Robot system stopped.
2024-12-30 03:55:44 - INFO - Robot system starting...
2024-12-30 03:55:48 - INFO - Switched to automatic mode.
2024-12-30 03:57:53 - INFO - Shutting down robot system...
2024-12-30 03:57:53 - INFO - Robot system stopped.
2024-12-30 03:58:09 - INFO - Robot system starting...
2024-12-30 03:58:14 - INFO - Switched to automatic mode.
2024-12-30 03:59:29 - INFO - Shutting down robot system...
2024-12-30 03:59:29 - INFO - Robot system stopped.
2024-12-30 04:00:54 - INFO - Robot system starting...
2024-12-30 04:01:00 - INFO - Switched to automatic mode.
2024-12-30 04:01:45 - INFO - Shutting down robot system...
2024-12-30 04:01:45 - INFO - Robot system stopped.
2024-12-30 04:01:53 - INFO - Robot system starting...
2024-12-30 04:02:00 - INFO - Switched to automatic mode.
2024-12-30 04:04:52 - INFO - Shutting down robot system...
2024-12-30 04:04:52 - INFO - Robot system stopped.
2024-12-30 04:04:58 - INFO - Robot system starting...
2024-12-30 04:05:03 - INFO - Switched to automatic mode.
2024-12-30 04:05:33 - INFO - Shutting down robot system...
2024-12-30 04:05:33 - INFO - Robot system stopped.
2024-12-30 04:05:39 - INFO - Robot system starting...
2024-12-30 04:05:46 - INFO - Switched to automatic mode.
2024-12-30 04:06:16 - INFO - Shutting down robot system...
2024-12-30 04:06:16 - INFO - Robot system stopped.
2024-12-30 04:06:34 - INFO - Robot system starting...
2024-12-30 04:06:39 - INFO - Switched to automatic mode.
2024-12-30 04:07:34 - INFO - Shutting down robot system...
2024-12-30 04:07:34 - INFO - Robot system stopped.
2024-12-30 04:08:10 - INFO - Robot system starting...
2024-12-30 04:08:15 - INFO - Switched to automatic mode.
2024-12-30 04:08:57 - INFO - Shutting down robot system...
2024-12-30 04:08:57 - INFO - Robot system stopped.
2024-12-30 04:09:21 - INFO - Robot system starting...
2024-12-30 04:09:26 - INFO - Switched to automatic mode.
2024-12-30 04:10:44 - INFO - Shutting down robot system...
2024-12-30 04:10:44 - INFO - Robot system stopped.
2024-12-30 04:22:24 - INFO - Robot system starting...
2024-12-30 04:22:28 - INFO - Switched to automatic mode.
2024-12-30 04:28:45 - INFO - Shutting down robot system...
2024-12-30 04:28:45 - INFO - Robot system stopped.
2024-12-30 04:29:24 - INFO - Robot system starting...
2024-12-30 04:29:29 - INFO - Switched to automatic mode.
2024-12-30 04:30:03 - INFO - Shutting down robot system...
2024-12-30 04:30:03 - INFO - Robot system stopped.
2024-12-30 04:31:02 - INFO - Robot system starting...
2024-12-30 04:31:11 - INFO - Switched to automatic mode.
2024-12-30 04:31:57 - INFO - Shutting down robot system...
2024-12-30 04:31:57 - INFO - Robot system stopped.
2024-12-30 04:33:04 - INFO - Robot system starting...
2024-12-30 04:33:16 - INFO - Switched to automatic mode.
2024-12-30 04:38:04 - INFO - Shutting down robot system...
2024-12-30 04:38:04 - INFO - Robot system stopped.
2024-12-30 04:38:58 - INFO - Robot system starting...
2024-12-30 04:39:08 - INFO - Switched to automatic mode.
2024-12-30 04:41:52 - INFO - Shutting down robot system...
2024-12-30 04:41:52 - INFO - Robot system stopped.
2024-12-30 04:44:09 - INFO - Robot system starting...
2024-12-30 04:44:14 - INFO - Switched to automatic mode.
2024-12-30 04:48:43 - INFO - Shutting down robot system...
2024-12-30 04:48:43 - INFO - Robot system stopped.
2024-12-31 00:47:46 - INFO - Robot system starting...
2024-12-31 00:48:07 - INFO - Switched to manual mode.
2024-12-31 00:53:26 - INFO - Shutting down robot system...
2024-12-31 00:53:26 - INFO - Robot system stopped.
2024-12-31 00:56:01 - INFO - Robot system starting...
2024-12-31 00:56:06 - INFO - Switched to automatic mode.
2024-12-31 00:56:27 - INFO - Shutting down robot system...
2024-12-31 00:56:27 - INFO - Robot system stopped.
2024-12-31 00:57:34 - INFO - Robot system starting...
2024-12-31 00:57:40 - INFO - Switched to automatic mode.
2024-12-31 00:58:40 - INFO - Shutting down robot system...
2024-12-31 00:58:40 - INFO - Robot system stopped.
2024-12-31 00:59:34 - INFO - Robot system starting...
2024-12-31 00:59:58 - INFO - Switched to automatic mode.
2024-12-31 01:01:03 - INFO - Shutting down robot system...
2024-12-31 01:01:03 - INFO - Robot system stopped.
2024-12-31 01:02:29 - INFO - Robot system starting...
2024-12-31 01:02:35 - INFO - Switched to automatic mode.
2024-12-31 01:09:19 - INFO - Shutting down robot system...
2024-12-31 01:09:19 - INFO - Robot system stopped.
2024-12-31 01:31:12 - INFO - Robot system starting...
2024-12-31 01:31:17 - INFO - Switched to automatic mode.
2024-12-31 01:31:24 - INFO - Shutting down robot system...
2024-12-31 01:31:24 - INFO - Robot system stopped.
2024-12-31 01:34:08 - INFO - Robot system starting...
2024-12-31 01:34:14 - INFO - Switched to automatic mode.
2024-12-31 01:34:41 - INFO - Shutting down robot system...
2024-12-31 01:34:41 - INFO - Robot system stopped.
2024-12-31 01:35:15 - INFO - Robot system starting...
2024-12-31 01:35:25 - INFO - Switched to automatic mode.
2024-12-31 01:36:00 - INFO - Shutting down robot system...
2024-12-31 01:36:00 - INFO - Robot system stopped.
2024-12-31 01:42:12 - INFO - Robot system starting...
2024-12-31 01:42:18 - INFO - Switched to automatic mode.
2024-12-31 01:42:45 - INFO - Shutting down robot system...
2024-12-31 01:42:45 - INFO - Robot system stopped.
2024-12-31 01:43:19 - INFO - Robot system starting...
2024-12-31 01:43:29 - INFO - Shutting down robot system...
2024-12-31 01:43:29 - INFO - Robot system stopped.
2024-12-31 01:43:34 - INFO - Robot system starting...
2024-12-31 01:43:38 - INFO - Switched to automatic mode.
2024-12-31 01:44:19 - INFO - Shutting down robot system...
2024-12-31 01:44:19 - INFO - Robot system stopped.
2024-12-31 01:47:27 - INFO - Robot system starting...
2024-12-31 01:47:33 - INFO - Switched to automatic mode.
2024-12-31 01:50:05 - INFO - Shutting down robot system...
2024-12-31 01:50:05 - INFO - Robot system stopped.
2024-12-31 01:55:50 - INFO - Robot system starting...
2024-12-31 01:55:56 - INFO - Switched to automatic mode.
2024-12-31 01:56:15 - INFO - Shutting down robot system...
2024-12-31 01:56:15 - INFO - Robot system stopped.
2024-12-31 02:03:10 - INFO - Robot system starting...
2024-12-31 02:03:19 - INFO - Switched to automatic mode.
2024-12-31 02:15:43 - INFO - Robot system starting...
2024-12-31 02:15:49 - INFO - Switched to automatic mode.
2024-12-31 02:15:58 - INFO - Shutting down robot system...
2024-12-31 02:15:58 - INFO - Robot system stopped.
2024-12-31 02:17:56 - INFO - Robot system starting...
2024-12-31 02:18:02 - INFO - Switched to automatic mode.
2024-12-31 02:19:40 - INFO - Shutting down robot system...
2024-12-31 02:19:40 - INFO - Robot system stopped.
2024-12-31 02:20:20 - INFO - Robot system starting...
2024-12-31 02:20:25 - INFO - Switched to automatic mode.
2024-12-31 02:21:03 - INFO - Shutting down robot system...
2024-12-31 02:21:03 - INFO - Robot system stopped.
2024-12-31 02:22:19 - INFO - Robot system starting...
2024-12-31 02:22:24 - INFO - Switched to automatic mode.
2024-12-31 02:22:32 - INFO - Shutting down robot system...
2024-12-31 02:22:32 - INFO - Robot system stopped.
2024-12-31 02:23:25 - INFO - Robot system starting...
2024-12-31 02:23:32 - INFO - Switched to automatic mode.
2024-12-31 02:30:11 - INFO - Shutting down robot system...
2024-12-31 02:30:11 - INFO - Robot system stopped.
2024-12-31 15:42:55 - INFO - Robot system starting...
2024-12-31 15:43:00 - INFO - Switched to automatic mode.
2024-12-31 15:44:20 - INFO - Shutting down robot system...
2024-12-31 15:44:20 - INFO - Robot system stopped.
2024-12-31 16:38:02 - INFO - Robot system starting...
2024-12-31 16:38:10 - INFO - Robot system starting...
2024-12-31 16:38:18 - INFO - Switched to automatic mode.
2024-12-31 16:39:13 - INFO - Shutting down robot system...
2024-12-31 16:39:13 - INFO - Robot system stopped.
2024-12-31 16:40:30 - INFO - Robot system starting...
2024-12-31 16:40:35 - INFO - Switched to automatic mode.
2024-12-31 16:49:38 - INFO - Shutting down robot system...
2024-12-31 16:49:38 - INFO - Robot system stopped.
2024-12-31 18:37:12 - INFO - Robot system starting...
2024-12-31 18:37:16 - INFO - An error occurred: 'VideoStream' object has no attribute 'is_running'
2024-12-31 18:37:16 - INFO - Robot system stopped.
2024-12-31 18:37:51 - INFO - Robot system starting...
2024-12-31 18:37:56 - INFO - Switched to automatic mode.
2024-12-31 18:39:23 - INFO - Shutting down robot system...
2024-12-31 18:39:23 - INFO - Robot system stopped.
2024-12-31 18:40:23 - INFO - Robot system starting...
2024-12-31 18:40:28 - INFO - An error occurred: 'Modes' object has no attribute 'stop_threads_and_camera'
2024-12-31 18:40:28 - INFO - Robot system stopped.
2024-12-31 18:40:59 - INFO - Robot system starting...
2024-12-31 18:41:05 - INFO - Switched to manual mode.
2024-12-31 18:41:23 - INFO - Switched to automatic mode.
2024-12-31 18:41:43 - INFO - Shutting down robot system...
2024-12-31 18:41:43 - INFO - Robot system stopped.
2024-12-31 18:42:02 - INFO - Robot system starting...
2024-12-31 18:42:10 - INFO - Switched to automatic mode.
2024-12-31 18:47:04 - INFO - Shutting down robot system...
2024-12-31 18:47:04 - INFO - Robot system stopped.
2024-12-31 18:47:18 - INFO - Robot system starting...
2024-12-31 18:47:29 - INFO - Switched to automatic mode.
2024-12-31 18:50:13 - INFO - Shutting down robot system...
2024-12-31 18:50:13 - INFO - Robot system stopped.
2024-12-31 18:50:33 - INFO - Robot system starting...
2024-12-31 18:50:38 - INFO - Switched to automatic mode.
2024-12-31 18:52:24 - INFO - Shutting down robot system...
2024-12-31 18:52:24 - INFO - Robot system stopped.
2024-12-31 18:52:58 - INFO - Robot system starting...
2024-12-31 18:53:03 - INFO - Switched to automatic mode.
2024-12-31 18:56:02 - INFO - Shutting down robot system...
2024-12-31 18:56:02 - INFO - Robot system stopped.
2024-12-31 18:58:17 - INFO - Robot system starting...
2024-12-31 18:58:21 - INFO - Switched to automatic mode.
2024-12-31 19:17:11 - INFO - Shutting down robot system...
2024-12-31 19:17:11 - INFO - Robot system stopped.
2024-12-31 19:37:39 - INFO - Robot system starting...
2024-12-31 19:37:43 - INFO - Switched to automatic mode.
2024-12-31 19:38:40 - INFO - Shutting down robot system...
2024-12-31 19:38:40 - INFO - Robot system stopped.
2024-12-31 19:51:07 - INFO - Robot system starting...
2024-12-31 19:53:04 - INFO - Switched to automatic mode.
2024-12-31 19:54:06 - INFO - Shutting down robot system...
2024-12-31 19:54:06 - INFO - Robot system stopped.
2024-12-31 19:55:53 - INFO - Robot system starting...
2024-12-31 19:56:09 - INFO - Switched to automatic mode.
2024-12-31 19:56:47 - INFO - Shutting down robot system...
2024-12-31 19:56:47 - INFO - Robot system stopped.
2024-12-31 19:57:23 - INFO - Robot system starting...
2024-12-31 19:57:27 - INFO - Switched to automatic mode.
2024-12-31 19:59:42 - INFO - Shutting down robot system...
2024-12-31 19:59:42 - INFO - Robot system stopped.
2024-12-31 21:02:45 - INFO - Robot system starting...
2024-12-31 21:02:50 - INFO - Switched to automatic mode.
2024-12-31 21:03:06 - INFO - Shutting down robot system...
2024-12-31 21:03:06 - INFO - Robot system stopped.
2024-12-31 21:03:25 - INFO - Robot system starting...
2024-12-31 21:03:41 - INFO - Switched to automatic mode.
2024-12-31 21:04:12 - INFO - Shutting down robot system...
2024-12-31 21:04:12 - INFO - Robot system stopped.
2024-12-31 21:04:46 - INFO - Robot system starting...
2024-12-31 21:04:52 - INFO - Switched to automatic mode.
2024-12-31 21:05:47 - INFO - Shutting down robot system...
2024-12-31 21:05:47 - INFO - Robot system stopped.
2024-12-31 21:07:18 - INFO - Robot system starting...
2024-12-31 21:07:23 - INFO - Switched to automatic mode.
2024-12-31 21:11:29 - INFO - Shutting down robot system...
2024-12-31 21:11:29 - INFO - Robot system stopped.
2024-12-31 21:15:06 - INFO - Robot system starting...
2024-12-31 21:15:10 - INFO - Switched to automatic mode.
2024-12-31 21:16:17 - INFO - Shutting down robot system...
2024-12-31 21:16:17 - INFO - Robot system stopped.
2025-01-01 04:46:07 - INFO - Robot system starting...
2025-01-01 04:46:12 - INFO - Switched to automatic mode.
2025-01-01 04:46:24 - INFO - Shutting down robot system...
2025-01-01 04:46:24 - INFO - Robot system stopped.
2025-01-01 04:46:45 - INFO - Robot system starting...
2025-01-01 04:46:51 - INFO - Switched to automatic mode.
2025-01-01 04:46:58 - INFO - Shutting down robot system...
2025-01-01 04:46:58 - INFO - Robot system stopped.
2025-01-01 04:47:43 - INFO - Robot system starting...
2025-01-01 04:47:47 - INFO - Switched to automatic mode.
2025-01-01 04:48:13 - INFO - Shutting down robot system...
2025-01-01 04:48:13 - INFO - Robot system stopped.
2025-01-01 04:50:07 - INFO - Robot system starting...
2025-01-01 04:50:11 - INFO - Switched to automatic mode.
2025-01-01 04:50:21 - INFO - Shutting down robot system...
2025-01-01 04:50:21 - INFO - Robot system stopped.
2025-01-01 04:52:21 - INFO - Robot system starting...
2025-01-01 04:52:38 - INFO - Switched to automatic mode.
2025-01-01 04:52:44 - INFO - Shutting down robot system...
2025-01-01 04:52:44 - INFO - Robot system stopped.
2025-01-01 04:53:25 - INFO - Robot system starting...
2025-01-01 04:53:31 - INFO - Switched to automatic mode.
2025-01-01 04:54:20 - INFO - Shutting down robot system...
2025-01-01 04:54:20 - INFO - Robot system stopped.
2025-01-01 04:58:05 - INFO - Robot system starting...
2025-01-01 04:58:10 - INFO - Switched to automatic mode.
2025-01-01 04:58:42 - INFO - Shutting down robot system...
2025-01-01 04:58:42 - INFO - Robot system stopped.
2025-01-01 05:28:45 - INFO - Robot system starting...
2025-01-01 05:28:50 - INFO - Switched to automatic mode.
2025-01-01 05:29:09 - INFO - Shutting down robot system...
2025-01-01 05:29:09 - INFO - Robot system stopped.
2025-01-01 05:31:00 - INFO - Robot system starting...
2025-01-01 05:31:05 - INFO - Switched to automatic mode.
2025-01-01 05:33:28 - INFO - Robot system starting...
2025-01-01 05:33:33 - INFO - Switched to automatic mode.
2025-01-01 05:34:21 - INFO - Shutting down robot system...
2025-01-01 05:34:21 - INFO - Robot system stopped.
2025-01-01 05:35:21 - INFO - Robot system starting...
2025-01-01 05:35:26 - INFO - Switched to automatic mode.
2025-01-01 05:36:18 - INFO - Robot system starting...
2025-01-01 05:36:23 - INFO - Switched to automatic mode.
2025-01-01 05:37:00 - INFO - Robot system starting...
2025-01-01 05:37:07 - INFO - Switched to automatic mode.
2025-01-01 05:37:33 - INFO - Shutting down robot system...
2025-01-01 05:37:33 - INFO - Robot system stopped.
2025-01-01 05:39:16 - INFO - Robot system starting...
2025-01-01 05:39:21 - INFO - Switched to automatic mode.
2025-01-01 05:40:27 - INFO - Shutting down robot system...
2025-01-01 05:40:27 - INFO - Robot system stopped.
2025-01-01 06:23:07 - INFO - Robot system starting...
2025-01-01 06:23:52 - INFO - Shutting down robot system...
2025-01-01 06:23:52 - INFO - Robot system stopped.
2025-01-01 06:23:57 - INFO - Robot system starting...
2025-01-01 06:24:16 - INFO - Shutting down robot system...
2025-01-01 06:24:16 - INFO - Robot system stopped.
2025-01-01 06:24:54 - INFO - Robot system starting...
2025-01-01 06:24:59 - INFO - Shutting down robot system...
2025-01-01 06:24:59 - INFO - Robot system stopped.
2025-01-01 06:42:36 - INFO - Robot system starting...
2025-01-01 06:43:02 - INFO - Shutting down robot system...
2025-01-01 06:43:02 - INFO - Robot system stopped.
2025-01-01 06:43:06 - INFO - Robot system starting...
2025-01-01 06:45:05 - INFO - Shutting down robot system...
2025-01-01 06:45:05 - INFO - Robot system stopped.
2025-01-01 06:56:47 - INFO - Robot system starting...
2025-01-01 06:57:05 - INFO - Shutting down robot system...
2025-01-01 06:57:05 - INFO - Robot system stopped.
2025-01-01 06:57:11 - INFO - Robot system starting...
2025-01-01 06:57:19 - INFO - Shutting down robot system...
2025-01-01 06:57:19 - INFO - Robot system stopped.
2025-01-01 10:14:53 - INFO - Robot system starting...
2025-01-01 10:15:04 - INFO - Switched to automatic mode.
2025-01-01 10:15:30 - INFO - Shutting down robot system...
2025-01-01 10:15:30 - INFO - Robot system stopped.
2025-01-01 10:15:46 - INFO - Robot system starting...
2025-01-01 10:15:53 - INFO - Switched to automatic mode.
2025-01-01 10:16:05 - INFO - Shutting down robot system...
2025-01-01 10:16:05 - INFO - Robot system stopped.
2025-01-01 10:16:25 - INFO - Robot system starting...
2025-01-01 10:16:31 - INFO - Switched to automatic mode.
2025-01-01 10:18:21 - INFO - Robot system starting...
2025-01-01 10:18:26 - INFO - Switched to automatic mode.
2025-01-01 10:24:04 - INFO - Robot system starting...
2025-01-01 10:24:09 - INFO - Switched to automatic mode.
2025-01-01 10:24:30 - INFO - Shutting down robot system...
2025-01-01 10:24:30 - INFO - Robot system stopped.
2025-01-01 10:29:59 - INFO - Robot system starting...
2025-01-01 10:30:03 - INFO - Switched to automatic mode.
2025-01-01 10:31:19 - INFO - Robot system starting...
2025-01-01 10:31:25 - INFO - Switched to automatic mode.
2025-01-01 10:31:38 - INFO - Shutting down robot system...
2025-01-01 10:31:38 - INFO - Robot system stopped.
2025-01-01 10:32:14 - INFO - Robot system starting...
2025-01-01 10:32:19 - INFO - Switched to automatic mode.
2025-01-01 10:32:27 - INFO - Shutting down robot system...
2025-01-01 10:32:27 - INFO - Robot system stopped.
2025-01-01 10:33:57 - INFO - Robot system starting...
2025-01-01 10:34:01 - INFO - Switched to automatic mode.
2025-01-01 10:34:11 - INFO - Shutting down robot system...
2025-01-01 10:34:11 - INFO - Robot system stopped.
2025-01-01 10:34:37 - INFO - Robot system starting...
2025-01-01 10:34:42 - INFO - Switched to automatic mode.
2025-01-01 11:06:16 - INFO - Robot system starting...
2025-01-01 11:06:22 - INFO - Switched to automatic mode.
2025-01-01 11:07:16 - INFO - Shutting down robot system...
2025-01-01 11:07:16 - INFO - Robot system stopped.
2025-01-01 11:26:47 - INFO - Robot system starting...
2025-01-01 11:26:52 - INFO - Switched to automatic mode.
2025-01-01 11:28:05 - INFO - Shutting down robot system...
2025-01-01 11:28:05 - INFO - Robot system stopped.
2025-01-01 11:28:11 - INFO - Robot system starting...
2025-01-01 11:28:17 - INFO - Switched to automatic mode.
2025-01-01 11:28:39 - INFO - Shutting down robot system...
2025-01-01 11:28:39 - INFO - Robot system stopped.
2025-01-01 11:30:51 - INFO - Robot system starting...
2025-01-01 11:30:55 - INFO - Switched to automatic mode.
2025-01-01 11:31:14 - INFO - Shutting down robot system...
2025-01-01 11:31:14 - INFO - Robot system stopped.
2025-01-01 11:33:08 - INFO - Robot system starting...
2025-01-01 11:33:12 - INFO - Switched to automatic mode.
2025-01-01 11:33:24 - INFO - Shutting down robot system...
2025-01-01 11:33:24 - INFO - Robot system stopped.
2025-01-01 11:33:35 - INFO - Robot system starting...
2025-01-01 11:33:39 - INFO - Switched to automatic mode.
2025-01-01 11:34:17 - INFO - Shutting down robot system...
2025-01-01 11:34:17 - INFO - Robot system stopped.
2025-01-01 11:34:37 - INFO - Robot system starting...
2025-01-01 11:34:41 - INFO - Switched to automatic mode.
2025-01-01 11:37:40 - INFO - Shutting down robot system...
2025-01-01 11:37:40 - INFO - Robot system stopped.
2025-01-01 11:37:51 - INFO - Robot system starting...
2025-01-01 11:37:56 - INFO - Switched to automatic mode.
2025-01-01 11:39:31 - INFO - Shutting down robot system...
2025-01-01 11:39:31 - INFO - Robot system stopped.
2025-01-01 11:41:32 - INFO - Robot system starting...
2025-01-01 11:41:37 - INFO - Switched to automatic mode.
2025-01-01 11:41:54 - INFO - Robot system starting...
2025-01-01 11:41:59 - INFO - Switched to automatic mode.
2025-01-01 11:45:32 - INFO - Shutting down robot system...
2025-01-01 11:45:32 - INFO - Robot system stopped.
2025-01-01 14:56:54 - INFO - Robot system starting...
2025-01-01 14:56:59 - INFO - Switched to automatic mode.
2025-01-01 14:57:42 - INFO - Shutting down robot system...
2025-01-01 14:57:42 - INFO - Robot system stopped.
2025-01-01 14:58:23 - INFO - Robot system starting...
2025-01-01 14:58:27 - INFO - Switched to automatic mode.
2025-01-01 14:58:38 - INFO - Shutting down robot system...
2025-01-01 14:58:38 - INFO - Robot system stopped.
2025-01-01 15:01:36 - INFO - Robot system starting...
2025-01-01 15:01:40 - INFO - Switched to automatic mode.
2025-01-01 15:10:32 - INFO - Robot system starting...
2025-01-01 15:10:37 - INFO - Switched to automatic mode.
2025-01-01 15:13:34 - INFO - Robot system starting...
2025-01-01 15:13:39 - INFO - Switched to automatic mode.
2025-01-01 15:19:18 - INFO - Robot system starting...
2025-01-01 15:19:22 - INFO - Switched to automatic mode.
2025-01-01 15:19:46 - INFO - Shutting down robot system...
2025-01-01 15:19:46 - INFO - Robot system stopped.
2025-01-01 15:20:32 - INFO - Robot system starting...
2025-01-01 15:20:37 - INFO - Switched to automatic mode.
2025-01-01 15:30:20 - INFO - Robot system starting...
2025-01-01 15:30:26 - INFO - Switched to automatic mode.
2025-01-01 15:39:42 - INFO - Shutting down robot system...
2025-01-01 15:39:42 - INFO - Robot system stopped.
2025-01-01 15:39:49 - INFO - Robot system starting...
2025-01-01 15:39:53 - INFO - Switched to automatic mode.
2025-01-01 15:41:40 - INFO - Shutting down robot system...
2025-01-01 15:41:40 - INFO - Robot system stopped.
2025-01-01 15:42:16 - INFO - Robot system starting...
2025-01-01 15:42:20 - INFO - Switched to automatic mode.
2025-01-01 15:43:59 - INFO - Robot system starting...
2025-01-01 15:44:04 - INFO - Switched to automatic mode.
2025-01-01 15:50:07 - INFO - Shutting down robot system...
2025-01-01 15:50:07 - INFO - Robot system stopped.
2025-01-01 15:53:02 - INFO - Robot system starting...
2025-01-01 15:53:06 - INFO - Switched to automatic mode.
2025-01-01 15:58:12 - INFO - Robot system starting...
2025-01-01 15:58:16 - INFO - Switched to automatic mode.
2025-01-01 15:58:50 - INFO - Shutting down robot system...
2025-01-01 15:58:50 - INFO - Robot system stopped.
2025-01-01 16:03:36 - INFO - Robot system starting...
2025-01-01 16:03:41 - INFO - Switched to automatic mode.
2025-01-01 16:05:01 - INFO - Shutting down robot system...
2025-01-01 16:05:01 - INFO - Robot system stopped.
2025-01-01 16:06:52 - INFO - Robot system starting...
2025-01-01 16:06:57 - INFO - Switched to automatic mode.
2025-01-01 16:08:00 - INFO - Shutting down robot system...
2025-01-01 16:08:00 - INFO - Robot system stopped.
2025-01-01 16:08:14 - INFO - Robot system starting...
2025-01-01 16:08:20 - INFO - Switched to automatic mode.
2025-01-01 16:10:40 - INFO - Shutting down robot system...
2025-01-01 16:10:40 - INFO - Robot system stopped.
2025-01-01 16:11:37 - INFO - Robot system starting...
2025-01-01 16:11:44 - INFO - Switched to automatic mode.
2025-01-01 16:12:40 - INFO - Shutting down robot system...
2025-01-01 16:12:40 - INFO - Robot system stopped.
2025-01-01 16:13:20 - INFO - Robot system starting...
2025-01-01 16:13:26 - INFO - Switched to automatic mode.
2025-01-01 16:17:11 - INFO - Robot system starting...
2025-01-01 16:17:17 - INFO - Switched to automatic mode.
2025-01-01 16:17:56 - INFO - Shutting down robot system...
2025-01-01 16:17:56 - INFO - Robot system stopped.
2025-01-01 16:18:55 - INFO - Robot system starting...
2025-01-01 16:19:01 - INFO - Switched to automatic mode.
2025-01-01 16:19:15 - INFO - Shutting down robot system...
2025-01-01 16:19:15 - INFO - Robot system stopped.
2025-01-01 16:19:38 - INFO - Robot system starting...
2025-01-01 16:19:43 - INFO - Switched to automatic mode.
2025-01-01 16:21:34 - INFO - Robot system starting...
2025-01-01 16:21:39 - INFO - Switched to automatic mode.
2025-01-01 16:23:00 - INFO - Robot system starting...
2025-01-01 16:23:04 - INFO - Switched to automatic mode.
2025-01-01 16:23:25 - INFO - Shutting down robot system...
2025-01-01 16:23:25 - INFO - Robot system stopped.
2025-01-01 16:44:48 - INFO - Robot system starting...
2025-01-01 16:44:54 - INFO - Switched to automatic mode.
2025-01-01 16:46:33 - INFO - Robot system starting...
2025-01-01 16:46:37 - INFO - Switched to automatic mode.
2025-01-01 16:46:50 - INFO - Shutting down robot system...
2025-01-01 16:46:50 - INFO - Robot system stopped.
2025-01-01 16:47:25 - INFO - Robot system starting...
2025-01-01 16:47:29 - INFO - Switched to automatic mode.
2025-01-01 16:47:41 - INFO - Shutting down robot system...
2025-01-01 16:47:41 - INFO - Robot system stopped.
2025-01-01 16:48:09 - INFO - Robot system starting...
2025-01-01 16:48:14 - INFO - Switched to automatic mode.
2025-01-01 16:49:30 - INFO - Robot system starting...
2025-01-01 16:49:33 - INFO - Switched to automatic mode.
2025-01-01 16:49:54 - INFO - Shutting down robot system...
2025-01-01 16:49:54 - INFO - Robot system stopped.
2025-01-01 16:50:22 - INFO - Robot system starting...
2025-01-01 16:50:26 - INFO - Switched to automatic mode.
2025-01-01 16:50:38 - INFO - Shutting down robot system...
2025-01-01 16:50:38 - INFO - Robot system stopped.
2025-01-01 16:51:17 - INFO - Robot system starting...
2025-01-01 16:51:21 - INFO - Switched to automatic mode.
2025-01-01 16:51:35 - INFO - Shutting down robot system...
2025-01-01 16:51:35 - INFO - Robot system stopped.
2025-01-01 16:51:46 - INFO - Robot system starting...
2025-01-01 16:51:50 - INFO - Switched to automatic mode.
2025-01-01 16:52:05 - INFO - Shutting down robot system...
2025-01-01 16:52:05 - INFO - Robot system stopped.
2025-01-01 16:52:21 - INFO - Robot system starting...
2025-01-01 16:52:26 - INFO - Switched to automatic mode.
2025-01-01 16:52:42 - INFO - Shutting down robot system...
2025-01-01 16:52:42 - INFO - Robot system stopped.
2025-01-01 16:54:06 - INFO - Robot system starting...
2025-01-01 16:54:11 - INFO - Switched to automatic mode.
2025-01-01 16:54:26 - INFO - Shutting down robot system...
2025-01-01 16:54:26 - INFO - Robot system stopped.
2025-01-01 16:55:45 - INFO - Robot system starting...
2025-01-01 16:55:49 - INFO - Switched to automatic mode.
2025-01-01 16:56:59 - INFO - Robot system starting...
2025-01-01 16:57:04 - INFO - Switched to automatic mode.
2025-01-01 16:58:47 - INFO - Shutting down robot system...
2025-01-01 16:58:47 - INFO - Robot system stopped.
2025-01-01 16:58:59 - INFO - Robot system starting...
2025-01-01 16:59:04 - INFO - Switched to automatic mode.
2025-01-01 16:59:21 - INFO - Shutting down robot system...
2025-01-01 16:59:21 - INFO - Robot system stopped.
2025-01-01 16:59:28 - INFO - Robot system starting...
2025-01-01 16:59:32 - INFO - Switched to automatic mode.
2025-01-01 17:10:15 - INFO - Robot system starting...
2025-01-01 17:10:19 - INFO - Switched to automatic mode.
2025-01-01 17:23:20 - INFO - Shutting down robot system...
2025-01-01 17:23:20 - INFO - Robot system stopped.
2025-01-01 17:38:29 - INFO - Robot system starting...
2025-01-01 17:38:35 - INFO - Switched to automatic mode.
2025-01-01 17:40:19 - INFO - Shutting down robot system...
2025-01-01 17:40:19 - INFO - Robot system stopped.
2025-01-01 17:40:27 - INFO - Robot system starting...
2025-01-01 17:40:31 - INFO - Switched to automatic mode.
2025-01-01 17:48:20 - INFO - Robot system starting...
2025-01-01 17:48:25 - INFO - Switched to automatic mode.
2025-01-01 17:51:05 - INFO - Shutting down robot system...
2025-01-01 17:51:05 - INFO - Robot system stopped.
2025-01-01 17:51:29 - INFO - Robot system starting...
2025-01-01 17:51:34 - INFO - Switched to manual mode.
2025-01-01 17:51:53 - INFO - Shutting down robot system...
2025-01-01 17:51:53 - INFO - Robot system stopped.
2025-01-01 18:18:47 - INFO - Robot system starting...
2025-01-01 18:18:55 - INFO - Switched to automatic mode.
2025-01-01 18:27:29 - INFO - Robot system starting...
2025-01-01 18:27:35 - INFO - Switched to automatic mode.
2025-01-01 18:31:41 - INFO - Shutting down robot system...
2025-01-01 18:31:41 - INFO - Robot system stopped.
2025-01-01 18:31:55 - INFO - Robot system starting...
2025-01-01 18:32:01 - INFO - Switched to automatic mode.
2025-01-01 18:33:05 - INFO - Shutting down robot system...
2025-01-01 18:33:05 - INFO - Robot system stopped.
2025-01-01 18:36:58 - INFO - Robot system starting...
2025-01-01 18:37:11 - INFO - Switched to manual mode.
2025-01-01 18:39:42 - INFO - Shutting down robot system...
2025-01-01 18:39:42 - INFO - Robot system stopped.
2025-01-01 18:40:55 - INFO - Robot system starting...
2025-01-01 18:40:59 - INFO - Switched to automatic mode.
2025-01-01 18:49:03 - INFO - Robot system starting...
2025-01-01 18:49:08 - INFO - Switched to automatic mode.
2025-01-01 18:49:53 - INFO - Shutting down robot system...
2025-01-01 18:49:53 - INFO - Robot system stopped.
2025-01-01 18:50:07 - INFO - Robot system starting...
2025-01-01 18:50:11 - INFO - Switched to automatic mode.
2025-01-01 18:55:23 - INFO - Robot system starting...
2025-01-01 18:55:28 - INFO - Switched to automatic mode.
2025-01-01 19:01:32 - INFO - Robot system starting...
2025-01-01 19:01:37 - INFO - Switched to automatic mode.
2025-01-01 19:02:45 - INFO - Shutting down robot system...
2025-01-01 19:02:45 - INFO - Robot system stopped.
2025-01-01 19:03:04 - INFO - Robot system starting...
2025-01-01 19:03:08 - INFO - Switched to automatic mode.
2025-01-01 19:05:23 - INFO - Shutting down robot system...
2025-01-01 19:05:23 - INFO - Robot system stopped.
2025-01-01 19:06:45 - INFO - Robot system starting...
2025-01-01 19:06:51 - INFO - Switched to automatic mode.
2025-01-01 22:06:34 - INFO - Robot system starting...
2025-01-01 22:06:39 - INFO - Switched to automatic mode.
2025-01-01 22:08:54 - INFO - Robot system starting...
2025-01-01 22:08:59 - INFO - Switched to automatic mode.
2025-01-01 22:09:20 - INFO - Shutting down robot system...
2025-01-01 22:09:20 - INFO - Robot system stopped.
2025-01-01 22:09:32 - INFO - Robot system starting...
2025-01-01 22:09:46 - INFO - Switched to automatic mode.
2025-01-01 22:10:44 - INFO - Shutting down robot system...
2025-01-01 22:10:44 - INFO - Robot system stopped.
2025-01-01 22:12:09 - INFO - Robot system starting...
2025-01-01 22:12:39 - INFO - Switched to automatic mode.
2025-01-01 22:12:58 - INFO - Shutting down robot system...
2025-01-01 22:12:58 - INFO - Robot system stopped.
2025-01-01 22:13:26 - INFO - Robot system starting...
2025-01-01 22:13:31 - INFO - Switched to automatic mode.
2025-01-01 22:15:19 - INFO - Shutting down robot system...
2025-01-01 22:15:19 - INFO - Robot system stopped.
2025-01-01 22:16:14 - INFO - Robot system starting...
2025-01-01 22:16:18 - INFO - Switched to automatic mode.
2025-01-01 22:17:32 - INFO - Shutting down robot system...
2025-01-01 22:17:32 - INFO - Robot system stopped.
2025-01-01 22:19:19 - INFO - Robot system starting...
2025-01-01 22:19:27 - INFO - Switched to automatic mode.
2025-01-01 22:19:54 - INFO - Shutting down robot system...
2025-01-01 22:19:54 - INFO - Robot system stopped.
2025-01-01 22:20:17 - INFO - Robot system starting...
2025-01-01 22:20:22 - INFO - Switched to automatic mode.
2025-01-01 22:24:10 - INFO - Shutting down robot system...
2025-01-01 22:24:10 - INFO - Robot system stopped.
2025-01-01 22:24:37 - INFO - Robot system starting...
2025-01-01 22:24:42 - INFO - Switched to automatic mode.
2025-01-01 22:25:17 - INFO - Shutting down robot system...
2025-01-01 22:25:17 - INFO - Robot system stopped.
2025-01-01 22:25:25 - INFO - Robot system starting...
2025-01-01 22:25:31 - INFO - Switched to automatic mode.
2025-01-01 22:27:41 - INFO - Shutting down robot system...
2025-01-01 22:27:41 - INFO - Robot system stopped.
2025-01-01 22:28:34 - INFO - Robot system starting...
2025-01-01 22:28:39 - INFO - Switched to automatic mode.
2025-01-01 22:30:20 - INFO - Robot system starting...
2025-01-01 22:30:25 - INFO - Switched to automatic mode.
2025-01-01 22:30:53 - INFO - Shutting down robot system...
2025-01-01 22:30:53 - INFO - Robot system stopped.
2025-01-01 22:31:36 - INFO - Robot system starting...
2025-01-01 22:31:40 - INFO - Switched to automatic mode.
2025-01-01 22:33:39 - INFO - Robot system starting...
2025-01-01 22:33:43 - INFO - Switched to automatic mode.
2025-01-01 22:33:57 - INFO - Shutting down robot system...
2025-01-01 22:33:57 - INFO - Robot system stopped.
2025-01-01 22:41:41 - INFO - Robot system starting...
2025-01-01 22:41:46 - INFO - Switched to automatic mode.
2025-01-01 22:46:18 - INFO - Robot system starting...
2025-01-01 22:46:36 - INFO - Switched to automatic mode.
2025-01-01 22:51:55 - INFO - Shutting down robot system...
2025-01-01 22:51:55 - INFO - Robot system stopped.
2025-01-01 22:52:14 - INFO - Robot system starting...
2025-01-01 22:52:20 - INFO - Switched to automatic mode.
2025-01-01 22:52:43 - INFO - Shutting down robot system...
2025-01-01 22:52:43 - INFO - Robot system stopped.
2025-01-01 22:52:59 - INFO - Robot system starting...
2025-01-01 22:53:05 - INFO - Switched to automatic mode.
2025-01-01 22:53:47 - INFO - Shutting down robot system...
2025-01-01 22:53:47 - INFO - Robot system stopped.
2025-01-01 22:54:51 - INFO - Robot system starting...
2025-01-01 22:54:56 - INFO - Switched to automatic mode.
2025-01-01 23:00:26 - INFO - Shutting down robot system...
2025-01-01 23:00:26 - INFO - Robot system stopped.
2025-01-01 23:02:18 - INFO - Robot system starting...
2025-01-01 23:02:23 - INFO - Switched to automatic mode.
2025-01-01 23:28:20 - INFO - Shutting down robot system...
2025-01-01 23:28:20 - INFO - Robot system stopped.
2025-01-01 23:28:53 - INFO - Robot system starting...
2025-01-01 23:28:57 - INFO - Switched to automatic mode.
2025-01-01 23:29:38 - INFO - Shutting down robot system...
2025-01-01 23:29:38 - INFO - Robot system stopped.
2025-01-01 23:29:44 - INFO - Robot system starting...
2025-01-01 23:29:48 - INFO - Switched to automatic mode.
2025-01-01 23:35:42 - INFO - Shutting down robot system...
2025-01-01 23:35:42 - INFO - Robot system stopped.
2025-01-01 23:38:40 - INFO - Robot system starting...
2025-01-01 23:38:43 - INFO - Switched to automatic mode.
2025-01-01 23:38:54 - INFO - Shutting down robot system...
2025-01-01 23:38:54 - INFO - Robot system stopped.
2025-01-01 23:39:06 - INFO - Robot system starting...
2025-01-01 23:39:10 - INFO - Switched to automatic mode.
2025-01-01 23:39:32 - INFO - Shutting down robot system...
2025-01-01 23:39:32 - INFO - Robot system stopped.
2025-01-01 23:40:05 - INFO - Robot system starting...
2025-01-01 23:40:11 - INFO - Switched to manual mode.
2025-01-01 23:47:53 - INFO - Shutting down robot system...
2025-01-01 23:47:53 - INFO - Robot system stopped.
2025-01-01 23:48:16 - INFO - Robot system starting...
2025-01-01 23:48:21 - INFO - Switched to manual mode.
2025-01-01 23:58:43 - INFO - Shutting down robot system...
2025-01-01 23:58:43 - INFO - Robot system stopped.
2025-01-01 23:59:11 - INFO - Robot system starting...
2025-01-01 23:59:18 - INFO - Switched to manual mode.
2025-01-02 00:04:03 - INFO - Shutting down robot system...
2025-01-02 00:04:03 - INFO - Robot system stopped.
2025-01-02 00:04:26 - INFO - Robot system starting...
2025-01-02 00:04:31 - INFO - Switched to manual mode.
2025-01-02 00:05:22 - INFO - Shutting down robot system...
2025-01-02 00:05:22 - INFO - Robot system stopped.
2025-01-02 01:55:27 - INFO - Robot system starting...
2025-01-02 01:55:34 - INFO - Switched to manual mode.
2025-01-02 02:03:44 - INFO - Shutting down robot system...
2025-01-02 02:03:44 - INFO - Robot system stopped.
2025-01-02 02:17:18 - INFO - Robot system starting...
2025-01-02 02:17:27 - INFO - Switched to manual mode.
2025-01-02 02:18:02 - INFO - Shutting down robot system...
2025-01-02 02:18:02 - INFO - Robot system stopped.
2025-01-02 02:23:35 - INFO - Robot system starting...
2025-01-02 02:23:40 - INFO - Switched to automatic mode.
2025-01-02 02:23:47 - INFO - Shutting down robot system...
2025-01-02 02:23:47 - INFO - Robot system stopped.
2025-01-02 02:25:16 - INFO - Robot system starting...
2025-01-02 02:25:33 - INFO - Switched to automatic mode.
2025-01-02 02:25:46 - INFO - Shutting down robot system...
2025-01-02 02:25:46 - INFO - Robot system stopped.
2025-01-02 02:26:29 - INFO - Robot system starting...
2025-01-02 02:26:35 - INFO - Switched to automatic mode.
2025-01-02 02:27:15 - INFO - Shutting down robot system...
2025-01-02 02:27:15 - INFO - Robot system stopped.
2025-01-02 02:27:54 - INFO - Robot system starting...
2025-01-02 02:28:03 - INFO - Switched to automatic mode.
2025-01-02 02:31:48 - INFO - Shutting down robot system...
2025-01-02 02:31:48 - INFO - Robot system stopped.
2025-01-02 02:41:40 - INFO - Robot system starting...
2025-01-02 02:41:53 - INFO - Switched to automatic mode.
2025-01-02 02:48:16 - INFO - Shutting down robot system...
2025-01-02 02:48:16 - INFO - Robot system stopped.
2025-01-02 02:49:29 - INFO - Robot system starting...
2025-01-02 02:49:34 - INFO - Switched to automatic mode.
2025-01-02 02:50:25 - INFO - Shutting down robot system...
2025-01-02 02:50:25 - INFO - Robot system stopped.
2025-01-02 02:51:02 - INFO - Robot system starting...
2025-01-02 02:51:07 - INFO - Switched to automatic mode.
2025-01-02 02:55:32 - INFO - Robot system starting...
2025-01-02 02:55:37 - INFO - Switched to automatic mode.
2025-01-02 03:07:04 - INFO - Shutting down robot system...
2025-01-02 03:07:04 - INFO - Robot system stopped.
2025-01-02 03:07:26 - INFO - Robot system starting...
2025-01-02 03:07:32 - INFO - Switched to automatic mode.
2025-01-02 03:07:54 - INFO - Shutting down robot system...
2025-01-02 03:07:54 - INFO - Robot system stopped.
2025-01-02 03:08:00 - INFO - Robot system starting...
2025-01-02 03:08:05 - INFO - Switched to automatic mode.
2025-01-02 03:15:36 - INFO - Robot system starting...
2025-01-02 03:15:44 - INFO - Switched to automatic mode.
2025-01-02 03:15:55 - INFO - Shutting down robot system...
2025-01-02 03:15:55 - INFO - Robot system stopped.
2025-01-02 03:16:53 - INFO - Robot system starting...
2025-01-02 03:16:57 - INFO - Switched to automatic mode.
2025-01-02 03:21:20 - INFO - Shutting down robot system...
2025-01-02 03:21:20 - INFO - Robot system stopped.
2025-01-02 03:21:39 - INFO - Robot system starting...
2025-01-02 03:21:43 - INFO - Switched to automatic mode.
2025-01-02 03:24:25 - INFO - Shutting down robot system...
2025-01-02 03:24:25 - INFO - Robot system stopped.
2025-01-02 03:26:07 - INFO - Robot system starting...
2025-01-02 03:26:11 - INFO - Switched to automatic mode.
2025-01-02 03:27:26 - INFO - Shutting down robot system...
2025-01-02 03:27:26 - INFO - Robot system stopped.
2025-01-02 03:31:14 - INFO - Robot system starting...
2025-01-02 03:31:20 - INFO - Switched to automatic mode.
2025-01-02 03:33:47 - INFO - Shutting down robot system...
2025-01-02 03:33:47 - INFO - Robot system stopped.
2025-01-02 03:40:30 - INFO - Robot system starting...
2025-01-02 03:40:35 - INFO - Switched to automatic mode.
2025-01-02 03:43:26 - INFO - Robot system starting...
2025-01-02 03:43:31 - INFO - Switched to automatic mode.
2025-01-02 03:44:48 - INFO - Robot system starting...
2025-01-02 03:44:54 - INFO - Switched to automatic mode.
2025-01-02 03:58:29 - INFO - Robot system starting...
2025-01-02 03:58:34 - INFO - Switched to automatic mode.
2025-01-02 03:59:01 - INFO - Shutting down robot system...
2025-01-02 03:59:01 - INFO - Robot system stopped.
2025-01-02 04:02:23 - INFO - Robot system starting...
2025-01-02 04:02:28 - INFO - Switched to automatic mode.
2025-01-02 04:02:42 - INFO - Shutting down robot system...
2025-01-02 04:02:42 - INFO - Robot system stopped.
2025-01-02 04:03:38 - INFO - Robot system starting...
2025-01-02 04:03:43 - INFO - Switched to automatic mode.
2025-01-02 04:03:48 - INFO - Shutting down robot system...
2025-01-02 04:03:48 - INFO - Robot system stopped.
2025-01-02 04:08:47 - INFO - Robot system starting...
2025-01-02 04:08:52 - INFO - Switched to automatic mode.
2025-01-02 09:04:18 - INFO - Robot system starting...
2025-01-02 09:04:24 - INFO - Switched to automatic mode.
2025-01-02 09:06:48 - INFO - Shutting down robot system...
2025-01-02 09:06:48 - INFO - Robot system stopped.
2025-01-02 09:17:09 - INFO - Robot system starting...
2025-01-02 09:17:14 - INFO - Switched to automatic mode.
2025-01-02 09:18:33 - INFO - Shutting down robot system...
2025-01-02 09:18:33 - INFO - Robot system stopped.
2025-01-02 09:19:03 - INFO - Robot system starting...
2025-01-02 09:19:09 - INFO - Switched to automatic mode.
2025-01-02 09:22:20 - INFO - Shutting down robot system...
2025-01-02 09:22:20 - INFO - Robot system stopped.
2025-01-02 09:22:31 - INFO - Robot system starting...
2025-01-02 09:22:36 - INFO - Switched to automatic mode.
2025-01-02 09:25:08 - INFO - Robot system starting...
2025-01-02 09:25:16 - INFO - Switched to automatic mode.
2025-01-02 09:28:30 - INFO - Shutting down robot system...
2025-01-02 09:28:30 - INFO - Robot system stopped.
2025-01-02 09:28:42 - INFO - Robot system starting...
2025-01-02 09:29:27 - INFO - Switched to automatic mode.
2025-01-02 09:32:59 - INFO - Shutting down robot system...
2025-01-02 09:32:59 - INFO - Robot system stopped.
2025-01-02 09:33:33 - INFO - Robot system starting...
2025-01-02 09:33:38 - INFO - Switched to automatic mode.
2025-01-02 09:35:14 - INFO - Shutting down robot system...
2025-01-02 09:35:14 - INFO - Robot system stopped.
2025-01-02 09:41:04 - INFO - Robot system starting...
2025-01-02 09:41:10 - INFO - Switched to automatic mode.
2025-01-02 09:45:07 - INFO - Shutting down robot system...
2025-01-02 09:45:07 - INFO - Robot system stopped.
2025-01-02 09:45:30 - INFO - Robot system starting...
2025-01-02 09:45:36 - INFO - Switched to automatic mode.
2025-01-02 09:47:15 - INFO - Shutting down robot system...
2025-01-02 09:47:15 - INFO - Robot system stopped.
2025-01-02 09:49:05 - INFO - Robot system starting...
2025-01-02 09:49:09 - INFO - Switched to automatic mode.
2025-01-02 09:51:19 - INFO - Robot system starting...
2025-01-02 09:51:24 - INFO - Switched to automatic mode.
2025-01-02 09:52:51 - INFO - Shutting down robot system...
2025-01-02 09:52:51 - INFO - Robot system stopped.
2025-01-02 09:53:02 - INFO - Robot system starting...
2025-01-02 09:53:06 - INFO - Switched to automatic mode.
2025-01-02 09:54:49 - INFO - Shutting down robot system...
2025-01-02 09:54:49 - INFO - Robot system stopped.
2025-01-02 09:55:09 - INFO - Robot system starting...
2025-01-02 09:55:15 - INFO - Switched to automatic mode.
2025-01-02 09:57:32 - INFO - Shutting down robot system...
2025-01-02 09:57:32 - INFO - Robot system stopped.
2025-01-02 09:58:00 - INFO - Robot system starting...
2025-01-02 09:58:06 - INFO - Switched to automatic mode.
2025-01-02 10:01:46 - INFO - Robot system starting...
2025-01-02 10:01:51 - INFO - Switched to automatic mode.
2025-01-02 10:04:06 - INFO - Shutting down robot system...
2025-01-02 10:04:06 - INFO - Robot system stopped.
2025-01-02 10:04:39 - INFO - Robot system starting...
2025-01-02 10:04:45 - INFO - Switched to automatic mode.
2025-01-02 10:09:02 - INFO - Shutting down robot system...
2025-01-02 10:09:02 - INFO - Robot system stopped.
2025-01-02 10:09:36 - INFO - Robot system starting...
2025-01-02 10:09:42 - INFO - Switched to automatic mode.
2025-01-02 10:15:15 - INFO - Shutting down robot system...
2025-01-02 10:15:15 - INFO - Robot system stopped.
2025-01-02 10:15:32 - INFO - Robot system starting...
2025-01-02 10:15:59 - INFO - Switched to automatic mode.
2025-01-02 10:19:13 - INFO - Shutting down robot system...
2025-01-02 10:19:13 - INFO - Robot system stopped.
2025-01-02 11:32:24 - INFO - Robot system starting...
2025-01-02 11:32:30 - INFO - Switched to automatic mode.
2025-01-02 11:38:33 - INFO - Shutting down robot system...
2025-01-02 11:38:33 - INFO - Robot system stopped.
2025-01-02 11:38:59 - INFO - Robot system starting...
2025-01-02 11:39:04 - INFO - Switched to automatic mode.
2025-01-02 11:41:43 - INFO - Shutting down robot system...
2025-01-02 11:41:43 - INFO - Robot system stopped.
2025-01-02 11:42:21 - INFO - Robot system starting...
2025-01-02 11:42:27 - INFO - Switched to automatic mode.
2025-01-02 11:45:02 - INFO - Shutting down robot system...
2025-01-02 11:45:02 - INFO - Robot system stopped.
2025-01-02 11:45:37 - INFO - Robot system starting...
2025-01-02 11:45:59 - INFO - Switched to automatic mode.
2025-01-02 11:47:09 - INFO - Shutting down robot system...
2025-01-02 11:47:09 - INFO - Robot system stopped.
2025-01-02 11:47:21 - INFO - Robot system starting...
2025-01-02 11:47:45 - INFO - Switched to automatic mode.
2025-01-02 11:49:24 - INFO - Shutting down robot system...
2025-01-02 11:49:24 - INFO - Robot system stopped.
2025-01-02 11:49:58 - INFO - Robot system starting...
2025-01-02 11:50:03 - INFO - Switched to automatic mode.
2025-01-02 11:52:49 - INFO - Shutting down robot system...
2025-01-02 11:52:49 - INFO - Robot system stopped.
2025-01-02 11:53:09 - INFO - Robot system starting...
2025-01-02 11:53:17 - INFO - Switched to automatic mode.
2025-01-02 11:59:43 - INFO - Shutting down robot system...
2025-01-02 11:59:43 - INFO - Robot system stopped.
